  Source.cpp
D:\C++\Bankoop\Bankoop\clsString.h(43,25): warning C4267: 'return': conversion from 'size_t' to 'short', possible loss of data
  (compiling source file 'Source.cpp')
  
D:\C++\Bankoop\Bankoop\clsString.h(48,29): warning C4267: 'return': conversion from 'size_t' to 'short', possible loss of data
  (compiling source file 'Source.cpp')
  
D:\C++\Bankoop\Bankoop\clsString.h(60,30): warning C4267: '=': conversion from 'size_t' to 'short', possible loss of data
  (compiling source file 'Source.cpp')
  
D:\C++\Bankoop\Bankoop\clsString.h(197,29): warning C4267: 'return': conversion from 'size_t' to 'short', possible loss of data
  (compiling source file 'Source.cpp')
  
D:\C++\Bankoop\Bankoop\clsString.h(328,30): warning C4267: '=': conversion from 'size_t' to 'short', possible loss of data
  (compiling source file 'Source.cpp')
  
D:\C++\Bankoop\Bankoop\clsString.h(376,22): warning C4267: 'initializing': conversion from 'size_t' to 'short', possible loss of data
  (compiling source file 'Source.cpp')
  
D:\C++\Bankoop\Bankoop\clsUtil.h(64,5): warning C4102: 'defualt': unreferenced label
  (compiling source file 'Source.cpp')
  
D:\C++\Bankoop\Bankoop\clsUser.h(198,12): warning C4240: nonstandard extension used: access to 'clsUser::stLoginRegisterRecord' now defined to be 'public', previously it was defined to be 'private'
  (compiling source file 'Source.cpp')
  D:\C++\Bankoop\Bankoop\clsUser.h(26,12):
  see declaration of 'clsUser::stLoginRegisterRecord'
  
D:\C++\Bankoop\Bankoop\clsBankClient.h(206,12): warning C4240: nonstandard extension used: access to 'clsBankClient::stTrnsferLogRecord' now defined to be 'public', previously it was defined to be 'private'
  (compiling source file 'Source.cpp')
  D:\C++\Bankoop\Bankoop\clsBankClient.h(152,12):
  see declaration of 'clsBankClient::stTrnsferLogRecord'
  
D:\C++\Bankoop\Bankoop\clsBankClient.h(28,65): warning C4244: 'argument': conversion from 'double' to 'float', possible loss of data
  (compiling source file 'Source.cpp')
  
D:\C++\Bankoop\Bankoop\clsBankClient.h(162,39): warning C4244: '=': conversion from 'double' to 'float', possible loss of data
  (compiling source file 'Source.cpp')
  
D:\C++\Bankoop\Bankoop\clsBankClient.h(163,48): warning C4244: '=': conversion from 'double' to 'float', possible loss of data
  (compiling source file 'Source.cpp')
  
D:\C++\Bankoop\Bankoop\clsBankClient.h(164,49): warning C4244: '=': conversion from 'double' to 'float', possible loss of data
  (compiling source file 'Source.cpp')
  
D:\C++\Bankoop\Bankoop\clsBankClient.h(421,28): warning C4244: '+=': conversion from 'double' to 'float', possible loss of data
  (compiling source file 'Source.cpp')
  
D:\C++\Bankoop\Bankoop\clsBankClient.h(434,32): warning C4244: '-=': conversion from 'double' to 'float', possible loss of data
  (compiling source file 'Source.cpp')
  
D:\C++\Bankoop\Bankoop\clsAddNewClientScreen.h(30,66): warning C4244: 'argument': conversion from 'double' to 'float', possible loss of data
  (compiling source file 'Source.cpp')
  
D:\C++\Bankoop\Bankoop\clsUpdateClientScreen.h(47,66): warning C4244: 'argument': conversion from 'double' to 'float', possible loss of data
  (compiling source file 'Source.cpp')
  
D:\C++\Bankoop\Bankoop\clsTotalBalancesScreen.h(57,82): warning C4244: 'argument': conversion from 'double' to 'int', possible loss of data
  (compiling source file 'Source.cpp')
  
D:\C++\Bankoop\Bankoop\clsTransferScreen.h(42,51): warning C4244: '=': conversion from 'double' to 'float', possible loss of data
  (compiling source file 'Source.cpp')
  
D:\C++\Bankoop\Bankoop\clsTransferScreen.h(47,53): warning C4244: '=': conversion from 'double' to 'float', possible loss of data
  (compiling source file 'Source.cpp')
  
D:\C++\Bankoop\Bankoop\clsCurrency.h(27,17): warning C4244: 'argument': conversion from 'double' to 'float', possible loss of data
  (compiling source file 'Source.cpp')
  
D:\C++\Bankoop\Bankoop\clsUpdateCurrencyRateScreen .h(17,52): warning C4244: '=': conversion from 'double' to 'float', possible loss of data
  (compiling source file 'Source.cpp')
  
D:\C++\Bankoop\Bankoop\clsCurrencyCalculatorScreen .h(17,51): warning C4244: '=': conversion from 'double' to 'float', possible loss of data
  (compiling source file 'Source.cpp')
  
D:\C++\Bankoop\Bankoop\clsBankClient.h(376,1): warning C4715: 'clsBankClient::Save': not all control paths return a value
D:\C++\Bankoop\Bankoop\clsUser.h(360,1): warning C4715: 'clsUser::Save': not all control paths return a value
D:\C++\Bankoop\Bankoop\clsBankClient.h(438,1): warning C4715: 'clsBankClient::Withdraw': not all control paths return a value
  Bankoop.vcxproj -> D:\C++\Bankoop\x64\Debug\Bankoop.exe
